extract_metadata: 0.7597100734710693
detect_features: 32.19677496800023
match_features: 124.3788359959999
create_tracks: 4.745349692000218
reconstruct: 179.77325654029846
mesh: 6.9183149337768555
extract_metadata: 0.516218900680542
detect_features: 16.97781179900005
match_features: 195.98788601900003
create_tracks: 4.470237131999966
reconstruct: 148.1207389831543
mesh: 11.755607604980469
extract_metadata: 0.052307844161987305
detect_features: 3.5273035180000534
match_features: 25.037938220000115
create_tracks: 0.4680253750000247
reconstruct: 31.69685935974121
mesh: 2.3481006622314453
extract_metadata: 1.1130449771881104
detect_features: 32.376837654000155
match_features: 140.7814890210002
create_tracks: 2.349478562000513
reconstruct: 100.72191500663757
mesh: 9.95496678352356
extract_metadata: 0.026028871536254883
detect_features: 3.4282465239994053
match_features: 82.52659557700099
create_tracks: 1.848645893000139
reconstruct: 67.1384539604187
mesh: 7.610665321350098
extract_metadata: 0.026458024978637695
detect_features: 3.4911688129996037
match_features: 83.31727234400023
create_tracks: 1.9048347890002333
reconstruct: 68.9093165397644
mesh: 7.62238073348999
extract_metadata: 0.02464461326599121
detect_features: 3.43187164200026
match_features: 24.33362404699983
create_tracks: 0.46346418199937034
reconstruct: 36.84535765647888
mesh: 2.263762950897217
